This file contains any messages produced by compilers while
running configure, to aid debugging if configure makes a mistake.

It was created by openSMILE configure 2.3.0, which was
generated by GNU Autoconf 2.69.  Invocation command line was

  $ ./configure --without-portaudio --prefix=/Users/ali/Coding/opensmile-master/inst --enable-static --enable-shared=no

## --------- ##
## Platform. ##
## --------- ##

hostname = Alis-MacBook-Pro-2.local
uname -m = x86_64
uname -r = 18.2.0
uname -s = Darwin
uname -v = Darwin Kernel Version 18.2.0: Mon Nov 12 20:24:46 PST 2018; root:xnu-4903.231.4~2/RELEASE_X86_64

/usr/bin/uname -p = i386
/bin/uname -X     = unknown

/bin/arch              = unknown
/usr/bin/arch -k       = unknown
/usr/convex/getsysinfo = unknown
/usr/bin/hostinfo      = Mach kernel version:
	 Darwin Kernel Version 18.2.0: Mon Nov 12 20:24:46 PST 2018; root:xnu-4903.231.4~2/RELEASE_X86_64
Kernel configured for up to 4 processors.
2 processors are physically available.
4 processors are logically available.
Processor type: x86_64h (Intel x86-64h Haswell)
Processors active: 0 1 2 3
Primary memory available: 8.00 gigabytes
Default processor set: 360 tasks, 1708 threads, 4 processors
Load average: 3.46, Mach factor: 0.96
/bin/machine           = unknown
/usr/bin/oslevel       = unknown
/bin/universe          = unknown

PATH: /Library/Frameworks/Python.framework/Versions/3.6/bin
PATH: /Library/Frameworks/Python.framework/Versions/2.7/bin
PATH: /usr/local/bin
PATH: /usr/bin
PATH: /bin
PATH: /usr/sbin
PATH: /sbin
PATH: /Users/ali/.rvm/bin


## ----------- ##
## Core tests. ##
## ----------- ##

configure:2496: checking for a BSD-compatible install
configure:2564: result: /usr/bin/install -c
configure:2575: checking whether build environment is sane
configure:2630: result: yes
configure:2781: checking for a thread-safe mkdir -p
configure:2820: result: ./install-sh -c -d
configure:2827: checking for gawk
configure:2857: result: no
configure:2827: checking for mawk
configure:2857: result: no
configure:2827: checking for nawk
configure:2857: result: no
configure:2827: checking for awk
configure:2843: found /usr/bin/awk
configure:2854: result: awk
configure:2865: checking whether make sets $(MAKE)
configure:2887: result: yes
configure:2916: checking whether make supports nested variables
configure:2933: result: yes
configure:3110: checking for gcc
configure:3126: found /usr/bin/gcc
configure:3137: result: gcc
configure:3366: checking for C compiler version
configure:3375: gcc --version >&5
Apple LLVM version 10.0.0 (clang-1000.11.45.5)
Target: x86_64-apple-darwin18.2.0
Thread model: posix
InstalledDir: /Applications/Xcode.app/Contents/Developer/Toolchains/XcodeDefault.xctoolchain/usr/bin
Configured with: --prefix=/Applications/Xcode.app/Contents/Developer/usr --with-gxx-include-dir=/usr/include/c++/4.2.1
configure:3386: $? = 0
configure:3375: gcc -v >&5
Configured with: --prefix=/Applications/Xcode.app/Contents/Developer/usr --with-gxx-include-dir=/usr/include/c++/4.2.1
Apple LLVM version 10.0.0 (clang-1000.11.45.5)
Target: x86_64-apple-darwin18.2.0
Thread model: posix
InstalledDir: /Applications/Xcode.app/Contents/Developer/Toolchains/XcodeDefault.xctoolchain/usr/bin
configure:3386: $? = 0
configure:3375: gcc -V >&5
clang: error: argument to '-V' is missing (expected 1 value)
clang: error: no input files
configure:3386: $? = 1
configure:3375: gcc -qversion >&5
clang: error: unknown argument: '-qversion'
clang: error: no input files
configure:3386: $? = 1
configure:3406: checking whether the C compiler works
configure:3428: gcc -O2 -mfpmath=sse -msse2 -D__STATIC_LINK -DOPENSMILE_BUILD -DBUILD_SVMSMO -DBUILD_SVMSMO -DBUILD_LIBSVM -DBUILD_RNN -DBUILD_WITHOUT_EXPERIMENTAL -lrt -lm -lpthread -lc conftest.c  >&5
ld: library not found for -lrt
clang: error: linker command failed with exit code 1 (use -v to see invocation)
configure:3432: $? = 1
configure:3470: result: no
configure: failed program was:
| /* confdefs.h */
| #define PACKAGE_NAME "openSMILE"
| #define PACKAGE_TARNAME "opensmile"
| #define PACKAGE_VERSION "2.3.0"
| #define PACKAGE_STRING "openSMILE 2.3.0"
| #define PACKAGE_BUGREPORT ""
| #define PACKAGE_URL ""
| #define PACKAGE "opensmile"
| #define VERSION "2.3.0"
| /* end confdefs.h.  */
| 
| int
| main ()
| {
| 
|   ;
|   return 0;
| }
configure:3475: error: in `/Users/ali/Coding/opensmile-master':
configure:3477: error: C compiler cannot create executables
See `config.log' for more details

## ---------------- ##
## Cache variables. ##
## ---------------- ##

ac_cv_env_CCC_set=
ac_cv_env_CCC_value=
ac_cv_env_CC_set=
ac_cv_env_CC_value=
ac_cv_env_CFLAGS_set=set
ac_cv_env_CFLAGS_value='-O2 -mfpmath=sse -msse2'
ac_cv_env_CPPFLAGS_set=set
ac_cv_env_CPPFLAGS_value='-D__STATIC_LINK -DOPENSMILE_BUILD -DBUILD_SVMSMO -DBUILD_SVMSMO -DBUILD_LIBSVM -DBUILD_RNN -DBUILD_WITHOUT_EXPERIMENTAL'
ac_cv_env_CPP_set=
ac_cv_env_CPP_value=
ac_cv_env_CXXCPP_set=
ac_cv_env_CXXCPP_value=
ac_cv_env_CXXFLAGS_set=set
ac_cv_env_CXXFLAGS_value='-O2 -mfpmath=sse -msse2'
ac_cv_env_CXX_set=
ac_cv_env_CXX_value=
ac_cv_env_LDFLAGS_set=set
ac_cv_env_LDFLAGS_value='-lrt -lm -lpthread -lc'
ac_cv_env_LIBS_set=
ac_cv_env_LIBS_value=
ac_cv_env_LT_SYS_LIBRARY_PATH_set=
ac_cv_env_LT_SYS_LIBRARY_PATH_value=
ac_cv_env_build_alias_set=
ac_cv_env_build_alias_value=
ac_cv_env_host_alias_set=
ac_cv_env_host_alias_value=
ac_cv_env_target_alias_set=
ac_cv_env_target_alias_value=
ac_cv_path_install='/usr/bin/install -c'
ac_cv_prog_AWK=awk
ac_cv_prog_ac_ct_CC=gcc
ac_cv_prog_make_make_set=yes
am_cv_make_support_nested_variables=yes

## ----------------- ##
## Output variables. ##
## ----------------- ##

ACLOCAL='${SHELL} /Users/ali/Coding/opensmile-master/missing aclocal-1.16'
AMDEPBACKSLASH=''
AMDEP_FALSE=''
AMDEP_TRUE=''
AMTAR='$${TAR-tar}'
AM_BACKSLASH='\'
AM_DEFAULT_V='$(AM_DEFAULT_VERBOSITY)'
AM_DEFAULT_VERBOSITY='1'
AM_V='$(V)'
ANDROID_LDFLAGS=''
AR=''
AUTOCONF='${SHELL} /Users/ali/Coding/opensmile-master/missing autoconf'
AUTOHEADER='${SHELL} /Users/ali/Coding/opensmile-master/missing autoheader'
AUTOMAKE='${SHELL} /Users/ali/Coding/opensmile-master/missing automake-1.16'
AWK='awk'
BUILD_SMILExtract_FALSE=''
BUILD_SMILExtract_TRUE=''
CC='gcc'
CCDEPMODE=''
CFLAGS='-O2 -mfpmath=sse -msse2'
CPP=''
CPPFLAGS='-D__STATIC_LINK -DOPENSMILE_BUILD -DBUILD_SVMSMO -DBUILD_SVMSMO -DBUILD_LIBSVM -DBUILD_RNN -DBUILD_WITHOUT_EXPERIMENTAL'
CXX=''
CXXCPP=''
CXXDEPMODE=''
CXXFLAGS='-O2 -mfpmath=sse -msse2'
CYGPATH_W='echo'
DEFS=''
DEPDIR=''
DLIB=''
DLLTOOL=''
DSYMUTIL=''
DUMPBIN=''
ECHO_C='\c'
ECHO_N=''
ECHO_T=''
EGREP=''
EXEEXT=''
FGREP=''
GREP=''
INSTALL_DATA='${INSTALL} -m 644'
INSTALL_PROGRAM='${INSTALL}'
INSTALL_SCRIPT='${INSTALL}'
INSTALL_STRIP_PROGRAM='$(install_sh) -c -s'
LD=''
LDFLAGS='-lrt -lm -lpthread -lc'
LIBOBJS=''
LIBS=''
LIBTOOL=''
LIPO=''
LN_S=''
LTLIBOBJS=''
LT_SYS_LIBRARY_PATH=''
MAKEINFO='${SHELL} /Users/ali/Coding/opensmile-master/missing makeinfo'
MANIFEST_TOOL=''
MKDIR_P='./install-sh -c -d'
NM=''
NMEDIT=''
OBJDUMP=''
OBJEXT=''
OPENCV_CPPFLAGS=''
OPENCV_LDFLAGS=''
OPENCV_ROOT=''
OTOOL64=''
OTOOL=''
PACKAGE='opensmile'
PACKAGE_BUGREPORT=''
PACKAGE_NAME='openSMILE'
PACKAGE_STRING='openSMILE 2.3.0'
PACKAGE_TARNAME='opensmile'
PACKAGE_URL=''
PACKAGE_VERSION='2.3.0'
PATH_SEPARATOR=':'
PORTAUDIO_CPPFLAGS=''
PORTAUDIO_LDFLAGS=''
PORTAUDIO_ROOT=''
PTHREAD_CC=''
PTHREAD_CFLAGS=''
PTHREAD_LIBS=''
RANLIB=''
SED=''
SET_MAKE=''
SHELL='/bin/sh'
STRIP=''
VERSION='2.3.0'
ac_ct_AR=''
ac_ct_CC='gcc'
ac_ct_CXX=''
ac_ct_DUMPBIN=''
acx_pthread_config=''
am__EXEEXT_FALSE=''
am__EXEEXT_TRUE=''
am__fastdepCC_FALSE=''
am__fastdepCC_TRUE=''
am__fastdepCXX_FALSE=''
am__fastdepCXX_TRUE=''
am__include=''
am__isrc=''
am__leading_dot='.'
am__nodep=''
am__quote=''
am__tar='$${TAR-tar} chof - "$$tardir"'
am__untar='$${TAR-tar} xf -'
bindir='${exec_prefix}/bin'
build=''
build_alias=''
build_cpu=''
build_os=''
build_vendor=''
datadir='${datarootdir}'
datarootdir='${prefix}/share'
docdir='${datarootdir}/doc/${PACKAGE_TARNAME}'
dvidir='${docdir}'
exec_prefix='NONE'
host=''
host_alias=''
host_cpu=''
host_os=''
host_vendor=''
htmldir='${docdir}'
includedir='${prefix}/include'
infodir='${datarootdir}/info'
install_sh='${SHELL} /Users/ali/Coding/opensmile-master/install-sh'
libdir='${exec_prefix}/lib'
libexecdir='${exec_prefix}/libexec'
localedir='${datarootdir}/locale'
localstatedir='${prefix}/var'
mandir='${datarootdir}/man'
mkdir_p='$(MKDIR_P)'
oldincludedir='/usr/include'
pdfdir='${docdir}'
prefix='/Users/ali/Coding/opensmile-master/inst'
program_transform_name='s,x,x,'
psdir='${docdir}'
sbindir='${exec_prefix}/sbin'
sharedstatedir='${prefix}/com'
sysconfdir='${prefix}/etc'
target_alias=''

## ----------- ##
## confdefs.h. ##
## ----------- ##

/* confdefs.h */
#define PACKAGE_NAME "openSMILE"
#define PACKAGE_TARNAME "opensmile"
#define PACKAGE_VERSION "2.3.0"
#define PACKAGE_STRING "openSMILE 2.3.0"
#define PACKAGE_BUGREPORT ""
#define PACKAGE_URL ""
#define PACKAGE "opensmile"
#define VERSION "2.3.0"

configure: exit 77

## ---------------------- ##
## Running config.status. ##
## ---------------------- ##

This file was extended by openSMILE config.status 2.3.0, which was
generated by GNU Autoconf 2.69.  Invocation command line was

  CONFIG_FILES    = 
  CONFIG_HEADERS  = 
  CONFIG_LINKS    = 
  CONFIG_COMMANDS = 
  $ ./config.status Makefile depfiles

on Alis-MacBook-Pro-2.local

config.status:1164: creating Makefile
config.status:1378: executing depfiles commands
config.status:1455: cd .       && sed -e '/# am--include-marker/d' Makefile         | make -f - am--depfiles
make[1]: Nothing to be done for `am--depfiles'.
config.status:1460: $? = 0
